<?xml version="1.0" encoding="UTF-8"?>
<!-- Generated by org.testng.reporters.JUnitXMLReporter -->
<testsuite ignored="1" hostname="Vedant-Honor" failures="0" tests="1" name="Test" time="20.951" errors="0" timestamp="2023-08-16T00:02:56 BST">
  <testcase classname="vtiger.ContactsTests.CreateContactWithOrganizationTest" name="createContactWithOrgTest" time="12.585"/>
  <testcase classname="vtiger.ContactsTests.CreateContactWithOrganizationTest" name="demotest" time="0.0">
    <ignored/>
  </testcase> <!-- demotest -->
</testsuite> <!-- Test -->
