<?xml version="1.0" encoding="UTF-8"?>
<testng-results ignored="1" total="2" passed="1" failed="0" skipped="0">
  <reporter-output>
    <line>
      <![CDATA[Org Link Clicked]]>
    </line>
    <line>
      <![CDATA[create org look up image clicked]]>
    </line>
    <line>
      <![CDATA[organization  created]]>
    </line>
    <line>
      <![CDATA[Contact link clicked]]>
    </line>
    <line>
      <![CDATA[Create contact look up image clicked]]>
    </line>
    <line>
      <![CDATA[Contact is created]]>
    </line>
  </reporter-output>
  <suite started-at="2023-08-16T00:02:35 BST" name="Suite" finished-at="2023-08-16T00:02:56 BST" duration-ms="20951">
    <groups>
      <group name="SmokeSuite">
        <method signature="CreateContactWithOrganizationTest.createContactWithOrgTest()[pri:0, instance:vtiger.ContactsTests.CreateContactWithOrganizationTest@52719fb6]" name="createContactWithOrgTest" class="vtiger.ContactsTests.CreateContactWithOrganizationTest"/>
      </group> <!-- SmokeSuite -->
    </groups>
    <test started-at="2023-08-16T00:02:35 BST" name="Test" finished-at="2023-08-16T00:02:56 BST" duration-ms="20951">
      <class name="vtiger.ContactsTests.CreateContactWithOrganizationTest">
        <test-method is-config="true" signature="bsConfig()[pri:0, instance:vtiger.ContactsTests.CreateContactWithOrganizationTest@52719fb6]" started-at="2023-08-16T00:02:35 BST" name="bsConfig" finished-at="2023-08-16T00:02:35 BST" duration-ms="5" status="PASS">
          <reporter-output>
          </reporter-output>
        </test-method> <!-- bsConfig -->
        <test-method is-config="true" signature="bcConfig()[pri:0, instance:vtiger.ContactsTests.CreateContactWithOrganizationTest@52719fb6]" started-at="2023-08-16T00:02:36 BST" name="bcConfig" finished-at="2023-08-16T00:02:40 BST" duration-ms="4115" status="PASS">
          <reporter-output>
          </reporter-output>
        </test-method> <!-- bcConfig -->
        <test-method is-config="true" signature="bmConfig()[pri:0, instance:vtiger.ContactsTests.CreateContactWithOrganizationTest@52719fb6]" started-at="2023-08-16T00:02:40 BST" name="bmConfig" finished-at="2023-08-16T00:02:41 BST" duration-ms="1385" status="PASS">
          <reporter-output>
          </reporter-output>
        </test-method> <!-- bmConfig -->
        <test-method signature="createContactWithOrgTest()[pri:0, instance:vtiger.ContactsTests.CreateContactWithOrganizationTest@52719fb6]" started-at="2023-08-16T00:02:41 BST" name="createContactWithOrgTest" finished-at="2023-08-16T00:02:54 BST" duration-ms="12585" status="PASS">
          <reporter-output>
            <line>
              <![CDATA[Org Link Clicked]]>
            </line>
            <line>
              <![CDATA[create org look up image clicked]]>
            </line>
            <line>
              <![CDATA[organization  created]]>
            </line>
            <line>
              <![CDATA[Contact link clicked]]>
            </line>
            <line>
              <![CDATA[Create contact look up image clicked]]>
            </line>
            <line>
              <![CDATA[Contact is created]]>
            </line>
          </reporter-output>
        </test-method> <!-- createContactWithOrgTest -->
        <test-method is-config="true" signature="amConfig()[pri:0, instance:vtiger.ContactsTests.CreateContactWithOrganizationTest@52719fb6]" started-at="2023-08-16T00:02:54 BST" name="amConfig" finished-at="2023-08-16T00:02:56 BST" duration-ms="1851" status="PASS">
          <reporter-output>
          </reporter-output>
        </test-method> <!-- amConfig -->
        <test-method is-config="true" signature="acConfig()[pri:0, instance:vtiger.ContactsTests.CreateContactWithOrganizationTest@52719fb6]" started-at="2023-08-16T00:02:56 BST" name="acConfig" finished-at="2023-08-16T00:02:56 BST" duration-ms="788" status="PASS">
          <reporter-output>
          </reporter-output>
        </test-method> <!-- acConfig -->
        <test-method is-config="true" signature="acConfig()[pri:0, instance:vtiger.ContactsTests.CreateContactWithOrganizationTest@52719fb6]" started-at="2023-08-16T00:02:56 BST" name="acConfig" finished-at="2023-08-16T00:02:56 BST" duration-ms="2" status="PASS">
          <reporter-output>
          </reporter-output>
        </test-method> <!-- acConfig -->
        <test-method is-config="true" signature="asConfig()[pri:0, instance:vtiger.ContactsTests.CreateContactWithOrganizationTest@52719fb6]" started-at="2023-08-16T00:02:57 BST" name="asConfig" finished-at="2023-08-16T00:02:57 BST" duration-ms="0" status="PASS">
          <reporter-output>
          </reporter-output>
        </test-method> <!-- asConfig -->
      </class> <!-- vtiger.ContactsTests.CreateContactWithOrganizationTest -->
    </test> <!-- Test -->
  </suite> <!-- Suite -->
</testng-results>
